<?xml version="1.0" encoding="UTF-8"?>
<testng-results ignored="0" total="1" passed="1" failed="0" skipped="0">
  <reporter-output>
  </reporter-output>
  <suite started-at="2023-07-13T19:47:24 IST" name="Default suite" finished-at="2023-07-13T19:47:24 IST" duration-ms="48">
    <groups>
    </groups>
    <test started-at="2023-07-13T19:47:24 IST" name="Default test" finished-at="2023-07-13T19:47:24 IST" duration-ms="48">
      <class name="Practicemvn.LaunchTest">
        <test-method signature="test1()[pri:0, instance:Practicemvn.LaunchTest@7adda9cc]" started-at="2023-07-13T19:47:24 IST" name="test1" finished-at="2023-07-13T19:47:24 IST" duration-ms="13" status="PASS">
          <reporter-output>
          </reporter-output>
        </test-method> <!-- test1 -->
      </class> <!-- Practicemvn.LaunchTest -->
    </test> <!-- Default test -->
  </suite> <!-- Default suite -->
</testng-results>
